mode: atomic
github.com/treydock/ssh_exporter/collector/collector.go:50.72,61.2 1 0
github.com/treydock/ssh_exporter/collector/collector.go:63.58,67.2 3 0
github.com/treydock/ssh_exporter/collector/collector.go:69.58,77.40 6 0
github.com/treydock/ssh_exporter/collector/collector.go:84.2,84.107 1 0
github.com/treydock/ssh_exporter/collector/collector.go:77.40,79.37 2 0
github.com/treydock/ssh_exporter/collector/collector.go:82.3,82.87 1 0
github.com/treydock/ssh_exporter/collector/collector.go:79.37,81.4 1 0
github.com/treydock/ssh_exporter/collector/collector.go:87.38,95.31 7 0
github.com/treydock/ssh_exporter/collector/collector.go:106.2,114.16 3 0
github.com/treydock/ssh_exporter/collector/collector.go:123.2,125.28 2 0
github.com/treydock/ssh_exporter/collector/collector.go:146.2,146.9 1 0
github.com/treydock/ssh_exporter/collector/collector.go:155.2,156.25 2 0
github.com/treydock/ssh_exporter/collector/collector.go:161.2,161.25 1 0
github.com/treydock/ssh_exporter/collector/collector.go:166.2,166.60 1 0
github.com/treydock/ssh_exporter/collector/collector.go:175.2,176.15 2 0
github.com/treydock/ssh_exporter/collector/collector.go:95.31,97.23 2 0
github.com/treydock/ssh_exporter/collector/collector.go:97.23,101.4 3 0
github.com/treydock/ssh_exporter/collector/collector.go:102.8,104.3 1 0
github.com/treydock/ssh_exporter/collector/collector.go:114.16,115.47 1 0
github.com/treydock/ssh_exporter/collector/collector.go:120.3,121.16 2 0
github.com/treydock/ssh_exporter/collector/collector.go:115.47,117.4 1 0
github.com/treydock/ssh_exporter/collector/collector.go:117.9,119.4 1 0
github.com/treydock/ssh_exporter/collector/collector.go:125.28,128.26 3 0
github.com/treydock/ssh_exporter/collector/collector.go:131.3,132.29 2 0
github.com/treydock/ssh_exporter/collector/collector.go:141.3,141.15 1 0
github.com/treydock/ssh_exporter/collector/collector.go:128.26,130.4 1 0
github.com/treydock/ssh_exporter/collector/collector.go:132.29,136.27 4 0
github.com/treydock/ssh_exporter/collector/collector.go:139.4,139.38 1 0
github.com/treydock/ssh_exporter/collector/collector.go:136.27,138.5 1 0
github.com/treydock/ssh_exporter/collector/collector.go:141.15,143.4 1 0
github.com/treydock/ssh_exporter/collector/collector.go:147.12,147.12 0 0
github.com/treydock/ssh_exporter/collector/collector.go:148.67,153.16 5 0
github.com/treydock/ssh_exporter/collector/collector.go:156.25,160.3 3 0
github.com/treydock/ssh_exporter/collector/collector.go:161.25,165.3 3 0
github.com/treydock/ssh_exporter/collector/collector.go:166.60,168.55 2 0
github.com/treydock/ssh_exporter/collector/collector.go:168.55,173.4 3 0
github.com/treydock/ssh_exporter/collector/collector.go:179.67,181.16 2 0
github.com/treydock/ssh_exporter/collector/collector.go:184.2,185.16 2 0
github.com/treydock/ssh_exporter/collector/collector.go:188.2,188.33 1 0
github.com/treydock/ssh_exporter/collector/collector.go:181.16,183.3 1 0
github.com/treydock/ssh_exporter/collector/collector.go:185.16,187.3 1 0
github.com/treydock/ssh_exporter/collector/collector.go:191.100,192.73 1 0
github.com/treydock/ssh_exporter/collector/collector.go:192.73,195.30 3 0
github.com/treydock/ssh_exporter/collector/collector.go:207.3,207.48 1 0
github.com/treydock/ssh_exporter/collector/collector.go:195.30,199.18 4 0
github.com/treydock/ssh_exporter/collector/collector.go:199.18,203.5 3 0
github.com/treydock/ssh_exporter/collector/collector.go:204.9,206.4 1 0
github.com/treydock/ssh_exporter/ssh_exporter.go:44.75,45.54 1 0
github.com/treydock/ssh_exporter/ssh_exporter.go:45.54,49.14 3 0
github.com/treydock/ssh_exporter/ssh_exporter.go:53.3,54.14 2 0
github.com/treydock/ssh_exporter/ssh_exporter.go:57.3,58.10 2 0
github.com/treydock/ssh_exporter/ssh_exporter.go:62.3,62.26 1 0
github.com/treydock/ssh_exporter/ssh_exporter.go:66.3,84.20 6 0
github.com/treydock/ssh_exporter/ssh_exporter.go:49.14,52.4 2 0
github.com/treydock/ssh_exporter/ssh_exporter.go:54.14,56.4 1 0
github.com/treydock/ssh_exporter/ssh_exporter.go:58.10,61.4 2 0
github.com/treydock/ssh_exporter/ssh_exporter.go:62.26,64.4 1 0
github.com/treydock/ssh_exporter/ssh_exporter.go:88.29,95.53 5 0
github.com/treydock/ssh_exporter/ssh_exporter.go:100.2,100.68 1 0
github.com/treydock/ssh_exporter/ssh_exporter.go:111.2,114.16 4 0
github.com/treydock/ssh_exporter/ssh_exporter.go:95.53,98.3 2 0
github.com/treydock/ssh_exporter/ssh_exporter.go:100.68,110.3 1 0
github.com/treydock/ssh_exporter/ssh_exporter.go:114.16,117.3 2 0
github.com/treydock/ssh_exporter/ssh_exporter.go:120.13,130.2 7 0
github.com/treydock/ssh_exporter/config/config.go:57.61,60.16 3 5
github.com/treydock/ssh_exporter/config/config.go:63.2,66.42 4 4
github.com/treydock/ssh_exporter/config/config.go:69.2,69.29 1 3
github.com/treydock/ssh_exporter/config/config.go:80.2,83.12 4 1
github.com/treydock/ssh_exporter/config/config.go:60.16,62.3 1 1
github.com/treydock/ssh_exporter/config/config.go:66.42,68.3 1 1
github.com/treydock/ssh_exporter/config/config.go:69.29,72.24 3 3
github.com/treydock/ssh_exporter/config/config.go:75.3,75.55 1 2
github.com/treydock/ssh_exporter/config/config.go:78.3,78.26 1 1
github.com/treydock/ssh_exporter/config/config.go:72.24,74.4 1 1
github.com/treydock/ssh_exporter/config/config.go:75.55,77.4 1 1
github.com/treydock/ssh_exporter/config/config.go:57.61,60.16 3 0
github.com/treydock/ssh_exporter/config/config.go:63.2,66.42 4 0
github.com/treydock/ssh_exporter/config/config.go:69.2,69.29 1 0
github.com/treydock/ssh_exporter/config/config.go:80.2,83.12 4 0
github.com/treydock/ssh_exporter/config/config.go:60.16,62.3 1 0
github.com/treydock/ssh_exporter/config/config.go:66.42,68.3 1 0
github.com/treydock/ssh_exporter/config/config.go:69.29,72.24 3 0
github.com/treydock/ssh_exporter/config/config.go:75.3,75.55 1 0
github.com/treydock/ssh_exporter/config/config.go:78.3,78.26 1 0
github.com/treydock/ssh_exporter/config/config.go:72.24,74.4 1 0
github.com/treydock/ssh_exporter/config/config.go:75.55,77.4 1 0
github.com/treydock/ssh_exporter/ssh_exporter.go:44.75,45.54 1 0
github.com/treydock/ssh_exporter/ssh_exporter.go:45.54,49.14 3 0
github.com/treydock/ssh_exporter/ssh_exporter.go:53.3,54.14 2 0
github.com/treydock/ssh_exporter/ssh_exporter.go:57.3,58.10 2 0
github.com/treydock/ssh_exporter/ssh_exporter.go:62.3,62.26 1 0
github.com/treydock/ssh_exporter/ssh_exporter.go:66.3,84.20 6 0
github.com/treydock/ssh_exporter/ssh_exporter.go:49.14,52.4 2 0
github.com/treydock/ssh_exporter/ssh_exporter.go:54.14,56.4 1 0
github.com/treydock/ssh_exporter/ssh_exporter.go:58.10,61.4 2 0
github.com/treydock/ssh_exporter/ssh_exporter.go:62.26,64.4 1 0
github.com/treydock/ssh_exporter/ssh_exporter.go:88.29,95.53 5 0
github.com/treydock/ssh_exporter/ssh_exporter.go:100.2,100.68 1 0
github.com/treydock/ssh_exporter/ssh_exporter.go:111.2,114.16 4 0
github.com/treydock/ssh_exporter/ssh_exporter.go:95.53,98.3 2 0
github.com/treydock/ssh_exporter/ssh_exporter.go:100.68,110.3 1 0
github.com/treydock/ssh_exporter/ssh_exporter.go:114.16,117.3 2 0
github.com/treydock/ssh_exporter/ssh_exporter.go:120.13,130.2 7 0
github.com/treydock/ssh_exporter/collector/collector.go:50.72,61.2 1 12
github.com/treydock/ssh_exporter/collector/collector.go:63.58,67.2 3 10
github.com/treydock/ssh_exporter/collector/collector.go:69.58,77.40 6 20
github.com/treydock/ssh_exporter/collector/collector.go:84.2,84.107 1 20
github.com/treydock/ssh_exporter/collector/collector.go:77.40,79.37 2 80
github.com/treydock/ssh_exporter/collector/collector.go:82.3,82.87 1 80
github.com/treydock/ssh_exporter/collector/collector.go:79.37,81.4 1 12
github.com/treydock/ssh_exporter/collector/collector.go:87.38,95.31 7 22
github.com/treydock/ssh_exporter/collector/collector.go:106.2,114.16 3 20
github.com/treydock/ssh_exporter/collector/collector.go:123.2,125.28 2 12
github.com/treydock/ssh_exporter/collector/collector.go:146.2,146.9 1 12
github.com/treydock/ssh_exporter/collector/collector.go:155.2,156.25 2 10
github.com/treydock/ssh_exporter/collector/collector.go:161.2,161.25 1 10
github.com/treydock/ssh_exporter/collector/collector.go:166.2,166.60 1 10
github.com/treydock/ssh_exporter/collector/collector.go:175.2,176.15 2 8
github.com/treydock/ssh_exporter/collector/collector.go:95.31,97.23 2 10
github.com/treydock/ssh_exporter/collector/collector.go:97.23,101.4 3 2
github.com/treydock/ssh_exporter/collector/collector.go:102.8,104.3 1 12
github.com/treydock/ssh_exporter/collector/collector.go:114.16,115.47 1 8
github.com/treydock/ssh_exporter/collector/collector.go:120.3,121.16 2 8
github.com/treydock/ssh_exporter/collector/collector.go:115.47,117.4 1 2
github.com/treydock/ssh_exporter/collector/collector.go:117.9,119.4 1 6
github.com/treydock/ssh_exporter/collector/collector.go:125.28,128.26 3 12
github.com/treydock/ssh_exporter/collector/collector.go:131.3,132.29 2 10
github.com/treydock/ssh_exporter/collector/collector.go:141.3,141.15 1 10
github.com/treydock/ssh_exporter/collector/collector.go:128.26,130.4 1 2
github.com/treydock/ssh_exporter/collector/collector.go:132.29,136.27 4 4
github.com/treydock/ssh_exporter/collector/collector.go:139.4,139.38 1 4
github.com/treydock/ssh_exporter/collector/collector.go:136.27,138.5 1 0
github.com/treydock/ssh_exporter/collector/collector.go:141.15,143.4 1 10
github.com/treydock/ssh_exporter/collector/collector.go:147.12,147.12 0 10
github.com/treydock/ssh_exporter/collector/collector.go:148.67,153.16 5 2
github.com/treydock/ssh_exporter/collector/collector.go:156.25,160.3 3 0
github.com/treydock/ssh_exporter/collector/collector.go:161.25,165.3 3 0
github.com/treydock/ssh_exporter/collector/collector.go:166.60,168.55 2 4
github.com/treydock/ssh_exporter/collector/collector.go:168.55,173.4 3 2
github.com/treydock/ssh_exporter/collector/collector.go:179.67,181.16 2 10
github.com/treydock/ssh_exporter/collector/collector.go:184.2,185.16 2 9
github.com/treydock/ssh_exporter/collector/collector.go:188.2,188.33 1 8
github.com/treydock/ssh_exporter/collector/collector.go:181.16,183.3 1 1
github.com/treydock/ssh_exporter/collector/collector.go:185.16,187.3 1 1
github.com/treydock/ssh_exporter/collector/collector.go:191.100,192.73 1 20
github.com/treydock/ssh_exporter/collector/collector.go:192.73,195.30 3 18
github.com/treydock/ssh_exporter/collector/collector.go:207.3,207.48 1 16
github.com/treydock/ssh_exporter/collector/collector.go:195.30,199.18 4 6
github.com/treydock/ssh_exporter/collector/collector.go:199.18,203.5 3 2
github.com/treydock/ssh_exporter/collector/collector.go:204.9,206.4 1 12
github.com/treydock/ssh_exporter/config/config.go:57.61,60.16 3 1
github.com/treydock/ssh_exporter/config/config.go:63.2,66.42 4 1
github.com/treydock/ssh_exporter/config/config.go:69.2,69.29 1 1
github.com/treydock/ssh_exporter/config/config.go:80.2,83.12 4 1
github.com/treydock/ssh_exporter/config/config.go:60.16,62.3 1 0
github.com/treydock/ssh_exporter/config/config.go:66.42,68.3 1 0
github.com/treydock/ssh_exporter/config/config.go:69.29,72.24 3 1
github.com/treydock/ssh_exporter/config/config.go:75.3,75.55 1 1
github.com/treydock/ssh_exporter/config/config.go:78.3,78.26 1 1
github.com/treydock/ssh_exporter/config/config.go:72.24,74.4 1 0
github.com/treydock/ssh_exporter/config/config.go:75.55,77.4 1 0
github.com/treydock/ssh_exporter/collector/collector.go:50.72,61.2 1 1
github.com/treydock/ssh_exporter/collector/collector.go:63.58,67.2 3 1
github.com/treydock/ssh_exporter/collector/collector.go:69.58,77.40 6 1
github.com/treydock/ssh_exporter/collector/collector.go:84.2,84.107 1 1
github.com/treydock/ssh_exporter/collector/collector.go:77.40,79.37 2 4
github.com/treydock/ssh_exporter/collector/collector.go:82.3,82.87 1 4
github.com/treydock/ssh_exporter/collector/collector.go:79.37,81.4 1 0
github.com/treydock/ssh_exporter/collector/collector.go:87.38,95.31 7 1
github.com/treydock/ssh_exporter/collector/collector.go:106.2,114.16 3 1
github.com/treydock/ssh_exporter/collector/collector.go:123.2,125.28 2 1
github.com/treydock/ssh_exporter/collector/collector.go:146.2,146.9 1 1
github.com/treydock/ssh_exporter/collector/collector.go:155.2,156.25 2 1
github.com/treydock/ssh_exporter/collector/collector.go:161.2,161.25 1 1
github.com/treydock/ssh_exporter/collector/collector.go:166.2,166.60 1 1
github.com/treydock/ssh_exporter/collector/collector.go:175.2,176.15 2 1
github.com/treydock/ssh_exporter/collector/collector.go:95.31,97.23 2 0
github.com/treydock/ssh_exporter/collector/collector.go:97.23,101.4 3 0
github.com/treydock/ssh_exporter/collector/collector.go:102.8,104.3 1 1
github.com/treydock/ssh_exporter/collector/collector.go:114.16,115.47 1 0
github.com/treydock/ssh_exporter/collector/collector.go:120.3,121.16 2 0
github.com/treydock/ssh_exporter/collector/collector.go:115.47,117.4 1 0
github.com/treydock/ssh_exporter/collector/collector.go:117.9,119.4 1 0
github.com/treydock/ssh_exporter/collector/collector.go:125.28,128.26 3 1
github.com/treydock/ssh_exporter/collector/collector.go:131.3,132.29 2 1
github.com/treydock/ssh_exporter/collector/collector.go:141.3,141.15 1 1
github.com/treydock/ssh_exporter/collector/collector.go:128.26,130.4 1 0
github.com/treydock/ssh_exporter/collector/collector.go:132.29,136.27 4 0
github.com/treydock/ssh_exporter/collector/collector.go:139.4,139.38 1 0
github.com/treydock/ssh_exporter/collector/collector.go:136.27,138.5 1 0
github.com/treydock/ssh_exporter/collector/collector.go:141.15,143.4 1 1
github.com/treydock/ssh_exporter/collector/collector.go:147.12,147.12 0 1
github.com/treydock/ssh_exporter/collector/collector.go:148.67,153.16 5 0
github.com/treydock/ssh_exporter/collector/collector.go:156.25,160.3 3 0
github.com/treydock/ssh_exporter/collector/collector.go:161.25,165.3 3 0
github.com/treydock/ssh_exporter/collector/collector.go:166.60,168.55 2 0
github.com/treydock/ssh_exporter/collector/collector.go:168.55,173.4 3 0
github.com/treydock/ssh_exporter/collector/collector.go:179.67,181.16 2 0
github.com/treydock/ssh_exporter/collector/collector.go:184.2,185.16 2 0
github.com/treydock/ssh_exporter/collector/collector.go:188.2,188.33 1 0
github.com/treydock/ssh_exporter/collector/collector.go:181.16,183.3 1 0
github.com/treydock/ssh_exporter/collector/collector.go:185.16,187.3 1 0
github.com/treydock/ssh_exporter/collector/collector.go:191.100,192.73 1 1
github.com/treydock/ssh_exporter/collector/collector.go:192.73,195.30 3 1
github.com/treydock/ssh_exporter/collector/collector.go:207.3,207.48 1 1
github.com/treydock/ssh_exporter/collector/collector.go:195.30,199.18 4 0
github.com/treydock/ssh_exporter/collector/collector.go:199.18,203.5 3 0
github.com/treydock/ssh_exporter/collector/collector.go:204.9,206.4 1 1
github.com/treydock/ssh_exporter/ssh_exporter.go:44.75,45.54 1 1
github.com/treydock/ssh_exporter/ssh_exporter.go:45.54,49.14 3 3
github.com/treydock/ssh_exporter/ssh_exporter.go:53.3,54.14 2 2
github.com/treydock/ssh_exporter/ssh_exporter.go:57.3,58.10 2 2
github.com/treydock/ssh_exporter/ssh_exporter.go:62.3,62.26 1 1
github.com/treydock/ssh_exporter/ssh_exporter.go:66.3,84.20 6 1
github.com/treydock/ssh_exporter/ssh_exporter.go:49.14,52.4 2 1
github.com/treydock/ssh_exporter/ssh_exporter.go:54.14,56.4 1 1
github.com/treydock/ssh_exporter/ssh_exporter.go:58.10,61.4 2 1
github.com/treydock/ssh_exporter/ssh_exporter.go:62.26,64.4 1 0
github.com/treydock/ssh_exporter/ssh_exporter.go:88.29,95.53 5 1
github.com/treydock/ssh_exporter/ssh_exporter.go:100.2,100.68 1 1
github.com/treydock/ssh_exporter/ssh_exporter.go:111.2,114.16 4 1
github.com/treydock/ssh_exporter/ssh_exporter.go:95.53,98.3 2 0
github.com/treydock/ssh_exporter/ssh_exporter.go:100.68,110.3 1 0
github.com/treydock/ssh_exporter/ssh_exporter.go:114.16,117.3 2 0
github.com/treydock/ssh_exporter/ssh_exporter.go:120.13,130.2 7 0
